
------------------------
Array
(
    [contact] => Косарев Александр Борисович
74933197580
transservis37@mail.ru
Косарев Александр Борисович
74933197708
transservis37@mail.ru
Косарев Александр Борисович
79051091678
Transservis37@mail.ru
    [date] => 05.02.2020 11:34
    [url] => https://tenderland.ru/pages/tenders/0/39497189
)

------------------------

------------------------
Array
(
    [contact] => ФИНЧЕНКО КСЕНИЯ АЛЕКСАНДРОВНА
79264692678
ksenia.kafar@yandex.ru
    [date] => 31.01.2020 12:00
    [url] => https://tenderland.ru/pages/tenders/281/39456129
)

------------------------

------------------------
Array
(
    [contact] => ЗАЙЦЕВ АЛЕКСЕЙ ВИКТОРОВИЧ
79621669444
info@kvatro-s.com
Зайцев Алексей Викторович
79621669444
kvatro.s@mail.ru
    [date] => 07.02.2020 12:30
    [url] => https://tenderland.ru/pages/tenders/8/39610285
)

------------------------

------------------------
Array
(
    [contact] => ФИНЧЕНКО КСЕНИЯ АЛЕКСАНДРОВНА
79264692678
ksenia.kafar@yandex.ru
    [date] => 17.02.2020 12:00
    [url] => https://tenderland.ru/pages/tenders/281/39915572
)

------------------------

------------------------
Array
(
    [contact] => 88126776781
Info@projectservice.su
Рыбкин Алексей Сергеевич
78126776781
tender@projectservice.su


info@projectservice.su
    [date] => 17.02.2020 12:00
    [url] => https://tenderland.ru/pages/tenders/0/39963595
)

------------------------

------------------------
Array
(
    [contact] => Липин Максим Юрьевич


Липин Максим Юрьевич
79107757659
470296@mail.ru
Липин Максим Юрьевич
74922470296
470296@mail.ru
    [date] => 14.02.2020 09:05
    [url] => https://tenderland.ru/pages/tenders/301/39885207
)

------------------------

------------------------
Array
(
    [contact] => Медведева Кристина Игоревна
79203623408
ivckp@mail.ru



Медведева Кристина Игоревна
79303445010
srenessans@bk.ru
    [date] => 21.02.2020 12:00
    [url] => https://tenderland.ru/pages/tenders/270/40013865
)

------------------------

------------------------
Array
(
    [contact] => Сахаров Александр Николаевич
74933622244
rodniki-spektr@mail.ru
Сахаров Александр Николаевич
79038892146
rodniki-spektr@mail.ru
    [date] => 21.02.2020 10:30
    [url] => https://tenderland.ru/pages/tenders/0/40022842
)

------------------------

------------------------
Array
(
    [contact] => МАРЫЧЕВ АЛЕКСАНДР ЛЕОНИДОВИЧ
79158303737
snabtorg.37@mail.ru
Марычев Александр Леонидович
79303531844
snabtorg.37@mail.ru
Марычев Александр Леонидович
74932363737
snabtorg.37@mail.ru
    [date] => 27.02.2020 11:25
    [url] => https://tenderland.ru/pages/tenders/265/40074778
)

------------------------

------------------------
Array
(
    [contact] => СМИРНОВА АННА АНАТОЛЬЕВНА
79066170007
ann5911@mail.ru
Смирнова Анна Анатольевна
79066170007
megastroy16@bk.ru
СМИРНОВА АННА АНАТОЛЬЕВНА
79066170007
590998@mail.ru
    [date] => 26.02.2020 13:45
    [url] => https://tenderland.ru/pages/tenders/270/40080438
)

------------------------

------------------------
Array
(
    [contact] => 7930343315
s.komplekt37@yandex.ru
  
79303433155
s.komplekt37@yandex.ru
    [date] => 27.02.2020 12:00
    [url] => https://tenderland.ru/pages/tenders/270/40103407
)

------------------------

------------------------
Array
(
    [contact] => Сябетов Кази Хабегович
79106685861
OOO-KARD@yandex.ru



Сябетов Кази Хабегович
89106685861
ooo-kard@yandex.ru
    [date] => 28.02.2020 13:00
    [url] => https://tenderland.ru/pages/tenders/270/40104064
)

------------------------

------------------------
Array
(
    [contact] => Кузнецов Сергей Сергеевич
74932491712
sskprofi@gmail.com
  
79303301348
sskprofi@gmail.com
Кузнецов Сергей Сергеевич
84932491712
-
    [date] => 27.02.2020 12:00
    [url] => https://tenderland.ru/pages/tenders/0/40103665
)

------------------------

------------------------
Array
(
    [contact] => Медведева Кристина Игоревна
79203623408
ivckp@mail.ru



Медведева Кристина Игоревна
79303445010
srenessans@bk.ru
    [date] => 05.03.2020 12:00
    [url] => https://tenderland.ru/pages/tenders/270/40109139
)

------------------------

------------------------
Array
(
    [contact] => ДУБОВ МАКСИМ ПАВЛОВИЧ
79300054547
Dubow.Maks@yandex.ru
Дубов Максим  Павлович


ДУБОВ МАКСИМ ПАВЛОВИЧ - 
89300054547
dubow.maks@yandex.ru
    [date] => 28.02.2020 12:00
    [url] => https://tenderland.ru/pages/tenders/0/40112197
)

------------------------

------------------------
Array
(
    [contact] => ДУБОВ МАКСИМ ПАВЛОВИЧ
79300054547
Dubow.Maks@yandex.ru
Дубов Максим  Павлович


ДУБОВ МАКСИМ ПАВЛОВИЧ - 
89300054547
dubow.maks@yandex.ru
    [date] => 03.03.2020 10:06
    [url] => https://tenderland.ru/pages/tenders/270/40111126
)

------------------------

------------------------
Array
(
    [contact] => СМИРНОВ СЕРГЕЙ ВЛАДИМИРОВИЧ
74935160372
ooo.st-2010@yandex.ru
Лелекин Андрей Александрович
74935160372
info@stt2010.ru
Смирнов Сергей Владимирович
74935131118
info@stt2010.ru
    [date] => 27.02.2020 12:00
    [url] => https://tenderland.ru/pages/tenders/270/40112412
)

------------------------

------------------------
Array
(
    [contact] => Чистяков Роман Владимирович
74933942910
gch32@mail.ru
Чистяков Роман Владимирович
84933942381
GCH32@mail.ru
Чистяков Роман Владимирович
74933942381
sonet-87@inbox.ru
    [date] => 27.02.2020 12:00
    [url] => https://tenderland.ru/pages/tenders/281/40141340
)

------------------------

------------------------
Array
(
    [contact] => Баронов Сергей Борисович
74932593255
ooo-suor@list.ru
Баронов Сергей Борисович
74932593255
baronowalb@mail.ru
Баронов Сергей Борисович
79023169077
ooo-suor@list.ru
    [date] => 03.03.2020 09:40
    [url] => https://tenderland.ru/pages/tenders/270/40161840
)

------------------------

------------------------
Array
(
    [contact] => АБРААМЯН РАФИК РУБЕНОВИЧ
79612441281
abraamyanr@mail.ru



АБРААМЯН РАФИК РУБЕНОВИЧ
89612441281
abraamyanr@mail.ru
    [date] => 28.02.2020 12:00
    [url] => https://tenderland.ru/pages/tenders/0/40218350
)

------------------------

------------------------
Array
(
    [contact] => Черятников  Михаил  Юрьевич
74932329078
Stroystandart37@mail.ru
Черятников Михаил Юрьевич
79303477070
miha37@mail.ru
    [date] => 06.03.2020 12:00
    [url] => https://tenderland.ru/pages/tenders/270/40227664
)

------------------------

------------------------
Array
(
    [contact] => САВЕЛЬЕВ СЕРГЕЙ АНАТОЛЬЕВИЧ
79038203520
dmitrij.n.73@mail.ru



Москвин Владимир Николаевич
89806593445
trans777avto777@mail.ru
    [date] => 13.03.2020 09:13
    [url] => https://tenderland.ru/pages/tenders/270/40340294
)

------------------------

------------------------
Array
(
    [contact] => Смирнов Егор Максимович
74932415621
sota-ivanovo@yandex.ru
Смирнов Егор Максимович
79038789980
sota-ivanovo@yandex.ru
Смирнов Егор Максимович
74932415622
-
    [date] => 11.03.2020 11:35
    [url] => https://tenderland.ru/pages/tenders/545/40322826
)

------------------------

------------------------
Array
(
    [contact] => САВЕЛЬЕВ СЕРГЕЙ АНАТОЛЬЕВИЧ
79038203520
dmitrij.n.73@mail.ru



Москвин Владимир Николаевич
89806593445
trans777avto777@mail.ru
    [date] => 13.03.2020 09:24
    [url] => https://tenderland.ru/pages/tenders/270/40337804
)

------------------------

------------------------
Array
(
    [contact] => Маянцев Сергей Владимирович
79303467681
sergeyy-majancev@rambler.ru
Маянцев Сергей Владимирович


Маянцев Сергей Владимирович
89303467681
sergeyy-majancev@rambler.ru
    [date] => 11.03.2020 09:02
    [url] => https://tenderland.ru/pages/tenders/601/40367611
)

------------------------

------------------------
Array
(
    [contact] => КРАШЕНИННИКОВ ЮРИЙ ВЛАДИМИРОВИЧ
74932427555
mmebel@inbox.ru
КРАШЕНИННИКОВ ЮРИЙ ВЛАДИМИРОВИЧ
79023172878
mmebel@inbox.ru
КРАШЕНИННИКОВ ЮРИЙ ВЛАДИМИРОВИЧ
89023172878
mmebel@inbox.ru
    [date] => 18.03.2020 11:00
    [url] => https://tenderland.ru/pages/tenders/601/40374213
)

------------------------

------------------------
Array
(
    [contact] => Ермаков Илья Сергеевич


ЕРМАКОВ ИЛЬЯ СЕРГЕЕВИЧ
79051094459
holst37@ya.ru
ЕРМАКОВ ИЛЬЯ СЕРГЕЕВИЧ
74932929811
smartprint@bk.ru
    [date] => 16.03.2020 10:37
    [url] => https://tenderland.ru/pages/tenders/545/40389226
)

------------------------

------------------------
Array
(
    [contact] => Кузьмин Павел Викторович
74935143449
Energetik_Shya@mail.ru
Кузьмин Павел Викторович
79206783377
energetik_shya@mail.ru

74935143449
Energetik_Shuya@mail.ru
    [date] => 11.03.2020 12:00
    [url] => https://tenderland.ru/pages/tenders/0/40392983
)

------------------------

------------------------
Array
(
    [contact] => Петроченко Павел Петрович
79297142690
zot-ivanovo@mail.ru



Петроченко Павел Петрович
74932936344
zot-ivanovo@mail.ru
    [date] => 10.03.2020 13:00
    [url] => https://tenderland.ru/pages/tenders/270/40397303
)

------------------------

------------------------
Array
(
    [contact] => КУЗНЕЦОВ ИВАН АЛЕКСАНДРОВИЧ
79209041501
Hailstone@rambler.ru



КУЗНЕЦОВ ИВАН АЛЕКСАНДРОВИЧ
89209041501
hailstone@rambler.ru
    [date] => 12.03.2020 10:15
    [url] => https://tenderland.ru/pages/tenders/270/40398058
)

------------------------

------------------------
Array
(
    [contact] => Матвеев Александр Вячеславович
79106687152
atom19831@rambler.ru
Матвеев Александр Аячеславович
74935721754
atom19831@rambler.ru
    [date] => 16.03.2020 10:22
    [url] => https://tenderland.ru/pages/tenders/0/40427696
)

------------------------

------------------------
Array
(
    [contact] => Макаров Сергей Юрьевич
79106678555
makar-s-yu@yandex.ru



Макаров Сергей Юрьевич
74932375581
makar-s-yu@yandex.ru
    [date] => 10.03.2020 13:00
    [url] => https://tenderland.ru/pages/tenders/265/40399518
)

------------------------

------------------------
Array
(
    [contact] => Петроченко Павел Петрович
79297142690
zot-ivanovo@mail.ru



Петроченко Павел Петрович
74932936344
zot-ivanovo@mail.ru
    [date] => 16.03.2020 12:00
    [url] => https://tenderland.ru/pages/tenders/0/40454121
)

------------------------

------------------------
Array
(
    [contact] => Курицын Андрей Александрович
79106965034
37sfera@mail.ru
Курицын А. А.
79644933851
37sfera@mail.ru
    [date] => 16.03.2020 10:35
    [url] => https://tenderland.ru/pages/tenders/265/40453167
)

------------------------

------------------------
Array
(
    [contact] => ШИШКИН АЛЕКСЕЙ НИКОЛАЕВИЧ
79203623408
ivckp@mail.ru
ШИШКИН АЛЕКСЕЙ НИКОЛАЕВИЧ
89203623408
ivckp@mail.ru
ШИШКИН АЛЕКСЕЙ НИКОЛАЕВИЧ
84932375827
vckp@mail.ru
    [date] => 16.03.2020 12:00
    [url] => https://tenderland.ru/pages/tenders/0/40454429
)

------------------------

------------------------
Array
(
    [contact] => Николаева Елена Михайловна
4935241219
zkx41219@mail.ru
Гурьянов Владимир Владимирович
74935241219
zkx41219@mail.ru
Гурьянов Владимир Владимирович
84935241219
zkx41219@mail.ru
    [date] => 16.03.2020 11:39
    [url] => https://tenderland.ru/pages/tenders/288/40459171
)

------------------------

------------------------
Array
(
    [contact] => Гирсов Илья Владимирович
89051073726
girsov37@mail.ru
Гирсов Илья Владимирович
79051073726
girsov37@mail.ru
Гирсов Илья Владимирович
    [date] => 13.03.2020 12:00
    [url] => https://tenderland.ru/pages/tenders/270/40481669
)

------------------------

------------------------
Array
(
    [contact] => Петроченко Павел Петрович
79297142690
zot-ivanovo@mail.ru



Петроченко Павел Петрович
74932936344
zot-ivanovo@mail.ru
    [date] => -
    [url] => https://tenderland.ru/pages/tenders/270/40491764
)

------------------------

------------------------
Array
(
    [contact] => 79303474301
ip-37@mail.ru
Прохоров Илья  Сергеевич
79303474301
i@dsp37.ru
    [date] => 16.03.2020 12:00
    [url] => https://tenderland.ru/pages/tenders/269/40492265
)

------------------------

------------------------
Array
(
    [contact] => Щипанова Эльвира Викторовна
84932403092

Щипанова Эльвира Владимировна
84932409003
    [date] => 24.03.2020 11:20
    [url] => https://tenderland.ru/pages/tenders/281/40508678
)

------------------------

------------------------

------------------------

------------------------
Array
(
    [contact] => Косарев Александр Борисович
74933197580
transservis37@mail.ru
Косарев Александр Борисович
74933197708
transservis37@mail.ru
Косарев Александр Борисович
79051091678
Transservis37@mail.ru
    [date] => 05.02.2020 11:34
    [url] => https://tenderland.ru/pages/tenders/0/39497189
)

------------------------

------------------------
Array
(
    [contact] => ФИНЧЕНКО КСЕНИЯ АЛЕКСАНДРОВНА
79264692678
ksenia.kafar@yandex.ru
    [date] => 31.01.2020 12:00
    [url] => https://tenderland.ru/pages/tenders/281/39456129
)

------------------------

------------------------
Array
(
    [contact] => Липин Максим Юрьевич


Липин Максим Юрьевич
79107757659
470296@mail.ru
Липин Максим Юрьевич
74922470296
470296@mail.ru
    [date] => 14.02.2020 09:05
    [url] => https://tenderland.ru/pages/tenders/301/39885207
)

------------------------

------------------------

------------------------
